mode: set
code/function.go:13.50,15.16 2 0
code/function.go:15.16,17.3 1 0
code/function.go:18.2,20.12 3 0
code/function.go:21.15,23.17 2 0
code/function.go:23.17,25.4 1 0
code/function.go:26.14,28.17 2 0
code/function.go:28.17,30.4 1 0
code/function.go:32.2,32.14 1 0
code/function.go:34.56,36.24 2 0
code/function.go:36.24,38.6 1 0
code/function.go:39.2,39.24 1 0
code/function.go:39.24,41.11 2 0
code/function.go:41.11,43.4 1 0
code/function.go:45.2,47.23 3 0
code/function.go:47.23,50.37 3 0
code/function.go:50.37,53.4 2 0
code/function.go:53.8,53.27 1 0
code/function.go:53.27,56.4 2 0
code/function.go:56.8,56.27 1 0
code/function.go:56.27,59.4 2 0
code/function.go:59.8,64.4 4 0
code/function.go:66.2,67.12 2 0
code/cmd/gendiff/main.go:12.13,24.61 1 0
code/cmd/gendiff/main.go:24.61,25.24 1 0
code/cmd/gendiff/main.go:25.24,28.5 2 0
code/cmd/gendiff/main.go:29.4,29.22 1 0
code/cmd/gendiff/main.go:29.22,31.5 1 0
code/cmd/gendiff/main.go:33.4,38.14 6 0
code/cmd/gendiff/main.go:42.2,42.63 1 0
code/cmd/gendiff/main.go:42.63,44.3 1 0
code/cmd/gendiff/main.go:47.13,58.2 1 0
code/function.go:13.50,15.16 2 1
code/function.go:15.16,17.3 1 0
code/function.go:18.2,20.12 3 1
code/function.go:21.15,23.17 2 1
code/function.go:23.17,25.4 1 0
code/function.go:26.14,28.17 2 0
code/function.go:28.17,30.4 1 0
code/function.go:32.2,32.14 1 1
code/function.go:34.56,36.24 2 1
code/function.go:36.24,38.6 1 1
code/function.go:39.2,39.24 1 1
code/function.go:39.24,41.11 2 1
code/function.go:41.11,43.4 1 1
code/function.go:45.2,47.23 3 1
code/function.go:47.23,50.37 3 1
code/function.go:50.37,53.4 2 1
code/function.go:53.8,53.27 1 1
code/function.go:53.27,56.4 2 1
code/function.go:56.8,56.27 1 1
code/function.go:56.27,59.4 2 1
code/function.go:59.8,64.4 4 1
code/function.go:66.2,67.12 2 1
